<?xml version="1.0" encoding="UTF-8"?>
<!-- Generated by org.testng.reporters.JUnitReportReporter -->
<testsuite hostname="DESKTOP-2K9CCIH" failures="0" tests="1" name="SimplilearnMavenSauceDemo.SauceDemoTest" time="1.650" errors="0" timestamp="2023-07-26T16:09:33 IST" skipped="0">
  <testcase classname="SimplilearnMavenSauceDemo.SauceDemoTest" name="addProduct" time="1.650"/>
</testsuite> <!-- SimplilearnMavenSauceDemo.SauceDemoTest -->
