<?xml version="1.0" encoding="UTF-8"?>
<!-- Generated by org.testng.reporters.JUnitReportReporter -->
<testsuite hostname="DESKTOP-2K9CCIH" failures="0" tests="1" name="SimplilearnMavenSauceDemo.SauceDemo" time="1.560" errors="0" timestamp="2023-07-26T16:09:16 IST" skipped="0">
  <testcase classname="SimplilearnMavenSauceDemo.SauceDemo" name="main" time="1.560"/>
</testsuite> <!-- SimplilearnMavenSauceDemo.SauceDemo -->
